d:\visual studio project\filesharingapp\filesharingapp\debug\filesharingapp.pch
d:\visual studio project\filesharingapp\filesharingapp\debug\vc141.pdb
d:\visual studio project\filesharingapp\filesharingapp\debug\stdafx.obj
d:\visual studio project\filesharingapp\filesharingapp\debug\server_sendandreceiver.obj
d:\visual studio project\filesharingapp\filesharingapp\debug\server.obj
d:\visual studio project\filesharingapp\filesharingapp\debug\filesharingapp.obj
d:\visual studio project\filesharingapp\filesharingapp\debug\assemblyinfo.obj
d:\visual studio project\filesharingapp\filesharingapp\debug\.netframework,version=v4.0.assemblyattributes.obj
d:\visual studio project\filesharingapp\filesharingapp\debug\.netframework,version=v4.0.assemblyattributes.asm
d:\visual studio project\filesharingapp\filesharingapp\debug\filesharingapp.myform.resources
d:\visual studio project\filesharingapp\debug\filesharingapp.exe
d:\visual studio project\filesharingapp\debug\filesharingapp.pdb
d:\visual studio project\filesharingapp\filesharingapp\debug\app.res
d:\visual studio project\filesharingapp\filesharingapp\debug\filesharingapp.vcxproj.generateresource.cache
d:\visual studio project\filesharingapp\filesharingapp\debug\filesharingapp.vcxprojresolveassemblyreference.cache
d:\visual studio project\filesharingapp\filesharingapp\debug\filesharingapp.tlog\cl.command.1.tlog
d:\visual studio project\filesharingapp\filesharingapp\debug\filesharingapp.tlog\cl.read.1.tlog
d:\visual studio project\filesharingapp\filesharingapp\debug\filesharingapp.tlog\cl.write.1.tlog
d:\visual studio project\filesharingapp\filesharingapp\debug\filesharingapp.tlog\filesharingapp.write.1u.tlog
d:\visual studio project\filesharingapp\filesharingapp\debug\filesharingapp.tlog\link.command.1.tlog
d:\visual studio project\filesharingapp\filesharingapp\debug\filesharingapp.tlog\link.read.1.tlog
d:\visual studio project\filesharingapp\filesharingapp\debug\filesharingapp.tlog\link.write.1.tlog
d:\visual studio project\filesharingapp\filesharingapp\debug\filesharingapp.tlog\metagen.read.1.tlog
d:\visual studio project\filesharingapp\filesharingapp\debug\filesharingapp.tlog\metagen.write.1.tlog
d:\visual studio project\filesharingapp\filesharingapp\debug\filesharingapp.tlog\rc.command.1.tlog
d:\visual studio project\filesharingapp\filesharingapp\debug\filesharingapp.tlog\rc.read.1.tlog
d:\visual studio project\filesharingapp\filesharingapp\debug\filesharingapp.tlog\rc.write.1.tlog
d:\visual studio project\filesharingapp\filesharingapp\debug\filesharingapp.tlog\tzres.dll.bi
